<?xml version="1.0" encoding="UTF-8"?>
<!-- Generated by org.testng.reporters.JUnitReportReporter -->
<testsuite skipped="1" hostname="DESKTOP-CS64EQC" name="com.qa.school.test.LoginPageTest" tests="4" failures="0" timestamp="25 Apr 2021 09:44:10 GMT" time="0.816" errors="0">
  <testcase name="getListTest" time="0.756" classname="com.qa.school.test.LoginPageTest"/>
  <testcase name="getSignLanguageTitleTest" time="0.017" classname="com.qa.school.test.LoginPageTest"/>
  <testcase name="signLanguagePageTest" time="0.043" classname="com.qa.school.test.LoginPageTest"/>
  <testcase name="getPageTitleTest" classname="com.qa.school.test.LoginPageTest">
    <skipped/>
  </testcase> <!-- getPageTitleTest -->
</testsuite> <!-- com.qa.school.test.LoginPageTest -->
