<?xml version="1.0" encoding="UTF-8"?>
<!-- Generated by org.testng.reporters.JUnitReportReporter -->
<testsuite skipped="1" hostname="DESKTOP-CS64EQC" name="com.qa.school.test.HomePageTest" tests="3" failures="0" timestamp="25 Apr 2021 09:41:31 GMT" time="2.011" errors="0">
  <testcase name="doLogInTest" time="2.000" classname="com.qa.school.test.HomePageTest"/>
  <testcase name="currentPageUrlTest" time="0.011" classname="com.qa.school.test.HomePageTest"/>
  <testcase name="getTeacherNameTest" classname="com.qa.school.test.HomePageTest">
    <skipped/>
  </testcase> <!-- getTeacherNameTest -->
</testsuite> <!-- com.qa.school.test.HomePageTest -->
